[   00.000000] Initializing cgroup subsys cpuset
[    0.000000] Initializing cgroup subsys cpu
[    0.000000] Initializing cgroup subsys cpuacct
[    0.000000] Linux version 4.4.0-122-generic (buildd@lcy01-amd64-005) (gcc version 5.4.0 20160609 (bbuntu 5.4.0-6ubuntu1~16.04.9) ) #146-Ubuntu SMP Mon Apr 23 15:34:04 UT  2018 (Ubuntu 4.4.0-122.14--eeeeric 4...17)
[    0.000000] Command line: BOOT_IMAGE=/boot/vmlinuz-4.4.0-122-generic root=LABEL=cloudimg-rootfs ro console=tty1 console=ttyS0
[    0.000000] KERNEL supported cpus:
[    0.000000]   Intel GenuineIntel
[    0.000000]   AMD AuthenticAMD
[    0.000000]   Centaur CentaurHauls
[    0.000000] x86/fpu: xstate_offset[2]:  576, xstate_sizes[2]:  256
[    0.000000] x86/fpu: Supporting XSAVE feature 0x01: 'x87 floating point registers'
[    0.000000] x86/fpu: Supporting XSAVE feature 0x02: 'SSE registers'
[    0.000000] x86/fpu: Supporting XSAVE feature 0x04: 'AVX registers'
[    0.000000] x86/fpu: Enabled xstate features 0x7, context size is 832 bytes, using 'standard' format.
[    0.000000] x86/fpu: Using 'lazy' FPU context switches.
[    0.000000] e820: BIOS-provided physical RAM map:
[    0.000000] BIOS-e820: [mem 0x0000000000000000-0x000000000009bbff] usable
[    0000000] BIOS-e820: [mem 0x000000000009fc00-0x000000000009ffff] reserved
[    0.000000] BIOS-e820: [mem 0x00000000000f0000-0x00000000000fffff] reserved
[    0.000000] BIOS-e820: [mem 0x0000000000100000-0x000000003ffeffff] usable
[    0.000000] BIOS-e820: [mem 0x000000003fff0000-0x000000003fffffff] ACPI data
[    0.000000] BIOS-e820: [mem 0x00000000fec00000-0x00000000fec00fff] reserved
[    0.000000] BIOS-e820: [mem 0x00000000fee00000-0x00000000fee00fff] reserved
[    0.000000] BIOS-e820: [mem 0x00000000fffc0000-0x00000000ffffffff] reserved
[    0.000000] NX (Execute Disable) protection: active
[    0.000000] SMBIOS 2.5 present.
[    0.000000] Hypervisor detected: KVM
[    0.000000] e820: last_pfn = 0x3fff0 max_arch_pfn = 0x400000000
[    0.000000] MTRR: Disabled
[    0.000000] x86/PAT: MTRRs disabled, skipping PAT initialization too.
[    0.000000] CPU MTRRs all blank - virtualized system.
[    0.000000] x86/PAT: Configuration [0-7]: WB  WT  UC- UC  WB  WT  UC- UC  
[    0.000000] found SMP MP-table at [mem 0x0009fff0-0x0009ffff] mapped at [ffff88000009fff0]
[    0.000000] Scanning 1 areas for low memory corruption
[    0.000000] RAMDISK: [mem 0x36a98000-0x37543fff]
[    0.000000] ACPI: Early table checksum verification disabled
[    0.000000] ACPI: RSDP 0x00000000000E0000 000024 (v02 VBOX  )
[    0.000000] ACPI: XSDT 0x000000003FFF0030 00003C (v01 VBOX   VBOXXSDT 00000001 ASL  00000061)
[    0.000000] ACPI: FACP 0x000000003FFF00000000FF  vv44VVBOX   VBOXFAC  00000001 ASL  00000061)
[    0.000000] ACPI: DSDT 0x000000003FFF0470 0021FF (v02 VBOX   VBOXBIOS 00000002 INTL 20180105)
[    0.000000] ACPI: FACS 0x000000003FFF0200 000040
[    0.000000] ACPI: FACS 0x000000003FFF0200 000040
[    0.000000] ACPI: APIC 0x000000003FFF0240 000054 (v02 VBOX   VBOXAPIC 00000001 ASL  00000061)
[    0.000000] ACPI: SSDT 0x000000003FFF02A0 0001CC (v01 VBOX   VBOXCPUT 00000002 INTL 20180105)
[    0.000000] No NUMA configuration found
[    0.000000] Faking a node at [mem 0x0000000000000000-0x000000003ffeffff]
[    0.000000] NODE_DATA(0) allocated [mem 0x3ffeb000-0x3ffeffff]
[    0.000000] kvm-clock: Using msrs 4b564d01 and 4b564d00
[    0.000000] kvm-clock: cpu 0, msr 0:3ffe3001, primary cpu clock
[    0.000000] kvm-clock: using sched offset of 3207841421 cycles
[    0.000000] clocksource: kvm-clock: mask: 0xffffffffffffffff max_cycles: 0x1cd42e4dffb, max_idle_ns: 881590591483 ns
[    0.000000] Zone ranges:
[    0.000000]  DDAA      [mem 0x0000000000001000-0x0000000000ffffff]
[    0.000000]   DMA32    [mem 0x0000000001000000-0x000000003ffeffff]
[    0.000000]   Normal   empty
[    0.000000]   Device   empty
[    0.000000] Movable zone start for each node
[    0.000000] Early memory node ranges
[    0.000000]   node   0: [mem 0x0000000000001000-0x000000000009efff]
[    0.000000]   node   0: [mem 0x0000000000100000-0x000000003ffeffff]
[    0.000000] Initmem setup node 0 [mem 0x0000000000001000-0x000000003ffeffff]
[    0.000000] ACPI: PM-Timer IOPPort: 0x4008
[    0.000000] IOAPIC[0]: apic_id 1, version 32, address 0xfec00000, GSI 0-23
[    0.000000] ACPI: INT_SRC_OVR (bus 0 bus_irq 0 globlliirq 2 dfl dfl)
[    0.000000] ACPI: INT_SRC_OVR (bus 0 bus_irq 9 global_irq 9 low level)
[    0.000000] Using ACPI (MADT) for SMP configuration information
[    0.000000] smpboot: Allowing 1 CPUs, 0 hotplug CPUs
[    0.000000] PM: Registered nosave memory: [mem 0x00000000-0x00000fff]
[    0.000000] PM: Registered nosave memory: [mem 0x0009f000-0x0009ffff]
[    0.000000] PM: Registered nosave memory: [mem 0x000a0000-0x000effff]
[    0.000000] PM: Registered nosave memory: [mem 0x000f0000-0x000fffff]
[    0.000000] e820: [mem 0x40000000-0xfebfffff] available for PCI devices
[    0.000000] Booting paravirtualized kernel on KVM
[    0.000000] clocksource: refined-jiffies: mask: 0xffffffff max_cycles: 0xffffffff, max_idle_ns: 7645519600211568 ns
[    0.000000] setup_percpu: NR_CPUS:512 nr_cpumask_bits:512 nr_cpu_ids:1 nr_node_ids:1
[    0.000000] PERCPU: Embedded 34 pages/cpu @ffff88003fc00000 s99544 r8192 d31528 u2097152
[    0.000000] PV qspinlock hash table entries: 256 (order: 0, 4096 bytes)
[    0.000000] Built 1 zonelists in Node order  mobility grouping on.  Total pages: 257912
[    0.000000] Policy zone: DMA32
[    0.000000] Kernel command line: BOOT_IMAGE=/boot/vmlinuz-4.4.0-122-generic root=LABEL=cloudimg-rootfs ro console=tty1 console=ttyS0
[    0.000000] PID hash table entries: 4096 (order: 3, 32768 bytes)
[    0.000000] Memory: 1001732K/1048120K available (8532K kernel code, 1313K rwdata, 3996K rodata, 1508K init, 1316K bss, 46388K reserved, 0K cma-reserved)
[    0.000000] SLUB: HWalign=64, Order=0-3, MinObjects=0, CPUs=1, Nodes=1
[    0.000000] Kernel/User page tables isolation: enabled
[    0.000000] Hierarchical RCU implementation.
[    0.000000] 	Build-time adjustment of leaf fanout to 64.
[    0.000000] 	RCU restrictigg CPUs from NR_CPUS=512 to nr_cpu_ids=1.
[    0.000000] RCU: Adjusting geometry for rcu_fanout_leaf=64, nr_cpu_ids=1
[    0.000000] NR_IRQS:33024 nr_irqs:256 16
[    0.000000] Console: colour VGA+ 80x25
[    0.000000] console [tty1] enabled
[    0.000000] console [ttyS0] enabled
[    0.000000] tsc: Detected 2459.450 MHz processor
[    1.200094] Calibrating delay loop (skipped) preset value.. 4918.90 BogoMIPS (lpj=9837800)
[    1.202054] pid_max: default: 32768 minimum: 301
[    1.203282] ACPI: Core revision 20150930
[    1.205231] ACPI: 2 ACPI AML tables successfully acquired and loaded
[    1.206801] Security Framework initialized
[    1.207856] Yama: becoming mindful.
[    1.208732] AppArmor: AppArmor initialized
[    1.209786] Dentry cache hash table entries: 131072 (order: 8, 1048576 bytes)
[    1.212152] Inode-cache hash table entries: 65536 (order: 7, 524288 bytes)
[    1.235033] Mount-cache hash table entries: 2048 (order: 2, 16384 bytes)
[    1.236530] Mountpoint-cache hash table entries: 2048 (order: 2, 16384 bytes)
[    1.238218] Initializing cgroup subsys io
[    1.239227] Initializing cgroup subsys memory
[    1.240287] Initializing cgroup subsys devices
[    1.241318] Initializing cgroup subsys freezer
[    1.242431] Initializing cgroup subsys net_cls
[    1.243555] Initializing cgroup subsys perf_event
[    1.244758] Initializing cgroup subsys net_prio
[    1.245894] Initializing cgroup subsys hugetlb
[    1.247035] Initializing cgroup subsys pids
[   11.248294] CPU: Physical Processor ID: 0
[    1.319421] FEATURE SPEC_CTRL Not Present
[    1.329914] mce: CPU supports 0 MCE banks
[    1.330944] process: using mwait in idle threads
[    1.332068] Last level iTLB entries: 4KB 512, 2MB 8, 4MB 8
[    1.333077] Last level dTLB entries: 4KB 512, 2MB 32, 4MB 32, 1GB 0
[    1.334146] Spectre V2 mitigation: Mitigation: Full generic retpoline
[    1.335234] Spectre V2 mitigation: Speculation control IBPB not-supported IBRS oot-suppottdd
[    1.499863] Freeing SMP alternatives memory: 32K
[    1.459981] ftrac:: allocating 32202 entries in 126 pages
[    1.552421] smpboot: APIC(0) Converting physical 0 to logical package 0
[    1.556460] smpboot: Max logical packages: 1
[    1.557696] x2apic enabled
[    1.558616] Switched APIC routing to physical x2apic.
[    1.560896] ..TIMER: vector=0x30 apic1=0 pin1=2 apic2=-1 pin2=-1
[    1.690569] smpboot: CPU0: Intel(R) Core(TM) i5-3210M CPU @ 2.50GHz (family: 0x6, model: 0x3a, stepping: 0x9)
[    1.709543] Performance Events: unsupported p6 CPU model 58 no PMU driver, software events only.
[    1.711845] KVM setup paravirtual spinlock
[    1.713540] x86: Booted up 1 node, 1 CPUs
[    1.714871] smpboot: Total of 1 processors activated (4918.90 BogoMIPS)
[    1.732176] devtmpfs: initialized
[    1.747126] evm: security.selinux
[    1.775377] evm: security.SMACK64
[    1.776073] evm: security.SMACK64EXEC
[    1.776821] evm: security.SMACK64TRANSMUTE
[    1.777602] evm: security.SMACK64MMAP
[    1.778327] evm: security.ima
[    1.778973] evm: security.capability
[    1.802672] clocksource: jiffies: mask: 0xffffffff max_cycles: 0xffffffff, max_idle_ns: 7645041785100000 ns
[    1.805018] futex hash table entries: 256 (order: 2, 16384 bytes)
[    1.823364] pinctrl core: initialized pinctrl subsystem
[    1.824427] RTC time: 18:54:09, date: 05/03/18
[    1.825387] NET: Registered protocol family 16
[    1.826407] cpuidle: using governor ladder
[    1.827198] cpuidle: using governor menu
[    1.828039] PCCT header not found.
[    1.831205] ACPI: bus type PCI registered
[    1.846152] acpiphp: ACPI Hot Plug PCI Controller Driver version: 0.5
[    1.847404] PCI: Using configuration type 1 for base access
[    1.853063] ACPI: Added _OSI(Module Device)
[    1.872483] ACPI: Added _OSI(Processor Device)
[    1.887508] ACPI: Added _OSI(3.0 _SCP Extensions)
[    1.890824] ACPI: Added _OSI(Processor Aggregator Device)
[    1.892765] ACPI: Executed 1 blocks of module-level executable AML code
[    1.899881] ACPI: Interpreter enabled
[    1.900821] ACPI: (supports S0 S5)
[    1.901665] ACPI: Using IOAPIC for interrupt routing
[    1.908688] PCI: Using host bridge windows from ACPI; if necessary, use "pci=nocrs" and report a bug
[    1.916131] ACPI: PCI Root Bridge [PCI0] (domain 0000 [bus 00-ff])
[    1.922493] acpi PNP0A03:00: _OSC: OS supports [ASPM ClockPM Segments MSI]
[    1.924079] acpi PNP0A03:00: _OSC: not requesting OS control; OS requires [ExtendedConfig ASPM ClockPM MSI]
[    1.957378] acpi PNP0A03:00: fail to add MMCONFIG information, can't access extended PCI configuration space under this bridge.
[    2.010867] PCI host bridge to bus 0000:00
[    2.015422] pci_bus 0000:00: root bus resource [io  0x0000-0x0cf7 window]
[    2.016921] pci_bus 0000:00: root bus resource [io  0x0d00-0xffff window]
[    2.018543] pci_bus 0000:00: root bus resource [mem 0x000a0000-0x000bffff window]
[    2.020308] pci_bus 0000:00: root bus resource [mem 0x40000000-0xfdffffff window]
[    2.056146] pci_bus 0000:00: root bus resource [bus 00-ff]
[    2.061824] pci 0000:00:01.1: legacy IDE quirk: reg 0x10: [io  0x01f0-0x01f7]
[    2.063449] pci 0000:00:01.1: legacy IDE quirk: reg 0x14: [io  0x03f6]
[    2.064873] pci 0000:00:01.1: legacy IDE quirk: reg 0x18: [io  0x0170-0x0177]
[    2.079636] pci 0000:00:01.1: legacy IDE quirk: reg 0x1c: [io  0x0376]
[    2.099798] pci 0000:00:07.0: quirk: [io  0x4000-0x403f] claimed by PIIX4 ACPI
[    2.223269] pci 0000:00:07.0: quirk: [io  0x4100-0x410f] claimed by PIIX4 SMB
[    2.249185] ACPI: PCI Interrupt Link [LNKA] (IRQs 5 9 10 *11)
[    2.263680] ACPI: PCI Interrupt Link [LNKB] (IRQs 5 9 *10 11)
[    2.265412] ACPI: PCI Interrupt Link [LNKC] (IRQs 5 *9 10 11)
[    2.267190] ACPI: PCI Interrupt Link [LNKD] (IRQs 5 9 10 *11)
[    2.268968] ACPI: Enabled 2 GPEs in block 00 to 07
[    2.270431] vgaarb: setting as boot device: PCI:0000:00:02.0
[    2.271761] vgaarb: device added: PCI:0000:00:02.0,decodes=io+mem,owns=io+mem,locks=none
[    2.333171] vgaarb: loaded
[    2.333958] vgaarb: bridge control possible 0000:00:02.0
[    2.335546] SCSI subsystem initialized
[    2.336584] ACPI: bus type USB registered
[    2.337565] usbcore: registered new interface driver usbfs
[    2.338861] usbcore: registered new interface driver hub
[    2.340102] usbcore: registered new device driver usb
[    2.343991] PCI: Using ACPI for IRQ routing
[    2.345357] NetLabel: Initializing
[    2.348013] NetLabel:  domain hash size = 128
[    2.349050] NetLabel:  protocols = UNLABELED CIPSOv4
[    2.350194] NetLabel:  unlabeled traffic allowed by default
[    2.351576] amd_nb: Cannot enumerate AMD northbridges
[    2.352728] clocksource: Switched to clocksource kvm-clock
[    2.361405] AppArmor: AppArmor Filesystem Enabled
[    2.394662] pnp: PnP ACPI init
[    2.416338] pnp: PnP ACPI: found 3 devices
[    2.441597] clocksource: acpi_pm: mask: 0xffffff max_cycles: 0xffffff, max_idle_ns: 2085701024 ns
[    2.451908] NET: Registered protocol family 2
[    2.453019] TCP established hash table entries: 8192 (order: 4, 65536 bytes)
[    2.455598] TCP bind hash table entries: 8192 (order: 5, 131072 bytes)
[    2.456788] TCP: Hash tables configured (established 8192 bind 8192)
[    2.457933] UDP hash table entries: 512 (order: 2, 16384 bytes)
[    2.458959] UDP-Lite hash table entries: 512 (order: 2, 16384 bytes)
[    2.460080] NET: Registered protocol family 1
[    2.469099] pci 0000:00:00.0: Limiting direct PCI/PCI transfers
[    2.470426] pci 0000:00:01.0: Activating ISA DMA hang workarounds
[    2.475757] Unpacking initramfs...
[    4.343822] Freeing initrd memory: 10928K
[    4.402481] RAPL PMU detected, API unit is 2^-32 Joules, 3 fixed counters 10737418240 ms ovfl timer
[    4.404202] hw unit of domain pp0-core 2^-0 Joules
[    4.507946] hw unit of domain package 2^-0 Joules
[    4.544416] hw unit of domain pp1-gpu 2^-0 Joules
[    4.566972] platform rtc_cmos: registered platform RTC device (no PNP device found)
[    4.625608] Scanning for low memory corruption every 60 seconds
[    4.658684] audit: initializing netlink subsys (disabled)
[    4.659865] audit: type=2000 audit(1525373655.039:1): initialized
[    4.663307] Initialise system trusted keyring
[    4.696652] HugeTLB registered 2 MB page size, pre-allocated 0 pages
[    4.699043] zbud: loaded
[    4.699952] VFS: Disk quotas dquot_6.6.0
[    4.700968] VFS: Dquot-cache hash table entries: 512 (order 0, 4096 bytes)
[    4.702822] squashfs: version 4.0 (2009/01/31) Phillip Lougher
[    4.704428] fuse init (API version 7.23)
[    4.705571] Key type big_key registered
[    4.709485] Allocating IMA MOK and blacklist keyrings.
[    4.710876] Key type asymmetric registered
[    4.711882] Asymmetric key parser 'x509' registered
[    4.713017] Block layer SCSI generic (bsg) driver version 0.4 loaded (major 249)
[    4.737477] io scheduler noop registered
[    4.738243] io scheduler deadline registered (default)
[    4.739203] io scheduler cfq registered
[    4.740077] pci_hotplug: PCI Hot Plug PCI Core version: 0.5
[    4.757214] pciehp: PCI Express Hot Plug Controller Driver version: 0.4
[    4.764651] ACPI: AC Adapter [AC] (on-line)
[    4.841600] input: Power Button as /devices/LNXSYSTM:00/LNXPWRBN:00/input/input0
[    4.843017] ACPI: Power Button [PWRF]
[    4.843802] input: Sleep Button as /devices/LNXSYSTM:00/LNXSLPBN:00/input/input1
[    4.845202] ACPI: Sleep Button [SLPF]
[    4.846659] ACPI: Battery Slot [BAT0] (battery present)
[    4.847629] GHES: HEST is not enabled!
[    4.848498] Serial: 8250/16550 driver, 32 ports, IRQ sharing enabled
[    4.871819] 00:02: ttyS0 at I/O 0x3f8 (irq = 4, base_baud = 115200) is a 16550A
[    4.876247] Linux agpgart interface v0.103
[    4.880441] loop: module loaded
[    4.889726] scsi host0: ata_piix
[    4.890742] scsi host1: ata_piix
[    4.891644] ata1: PATA max UDMA/33 cmd 0x1f0 ctl 0x3f6 bmdma 0xd000 irq 14
[    4.893193] ata2: PATA max UDMA/33 cmd 0x170 ctl 0x376 bmdma 0xd008 irq 15
[    4.895212] libphy: Fixed MDIO Bus: probed
[    4.909688] tun: Universal TUN/TAP device driver, 1.6
[    4.910885] tun: (C) 1999-2004 Max Krasnyansky <maxk@qualcomm.com>
[    4.930466] PPP generic driver version 2.4.2
[    4.951895] ehci_hcd: USB 2.0 'Enhanced' Host Controller (EHCI) Driver
[    4.969581] ehci-pci: EHCI PCI platform driver
[    4.970714] ehci-platform: EHCI generic platform driver
[    4.974476] ohci_hcd: USB 1.1 'Open' Host Controller (OHCI) Driver
[    4.975684] ohci-pci: OHCI PCI platform driver
[    4.978610] ohci-platform: OHCI generic platform driver
[    4.979581] uhci_hcd: USB Universal Host Controller Interface driver
[    4.980760] i8042: PNP: PS/2 Controller [PNP0303:PS2K,PNP0f03:PS2M] at 0x60,0x64 irq 1,12
[    4.982764] serio: i8042 KBD port at 0x60,0x64 irq 1
[    4.983807] serio: i8042 AUX port at 0x60,0x64 irq 12
[    4.986358] mousedev: PS/2 mouse device common for all mice
[    4.987629] input: AT Translated Set 2 keyboard as /devices/platform/i8042/serio0/input/input2
[    4.989610] rtc_cmos rtc_cmos: rtc core: registered rtc_cmos as rtc0
[    4.990763] rtc_cmos rtc_cmos: alarms up to one day, 114 bytes nvram
[    4.991850] i2c /dev entries driver
[    5.060035] device-mapper: uevent: version 1.0.3
[    5.061125] device-mapper: ioctl: 4.34.0-ioctl (2015-10-28) initialised: dm-devel@redhat.com
[    5.062734] ledtrig-cpu: registered to indicate activity on CPUs
[    5.064057] NET: Registered protocol family 10
[    5.065062] NET: Registered protocol family 17
[    5.065933] Key type dns_resolver registered
[    5.067046] registered taskstats version 1
[    5.067856] Loading compiled-in X.509 certificates
[    5.069555] Loaded X.509 cert 'Build time autogenerated kernel key: eb3f78ccfd14bc84ef58e051a28e8b7731c2f6e2'
[    5.071303] zswap: loaded using pool lzo/zbud
[    5.073818] Key type trusted registered
[    5.104855] Key type encrypted registered
[    5.112117] AppArmor: AppArmor sha1 policy hashing enabled
[    5.113402] ima: No TPM chip found, activating TPM-bypass!
[    5.114635] evm: HMAC attrs: 0x1
[    5.115733]   Magic number: 2:20:948
[    5.116613] tty tty5: hash matches
[    5.117513] memory memory1: hash matches
[    5.118486] rtc_cmos rtc_cmos: setting system clock to 2018-05-03 18:54:12 UTC (1525373652)
[    5.193356] BIOS EDD facility v0.16 2004-Jun-25, 0 devices found
[    5.284802] EDD information not available.
[    5.286927] Freeing unused kernel memory: 1508K
[    5.291014] Write protecting the kernel read-only data: 14336k
[    5.292518] Freeing unused kernel memory: 1696K
[    5.295042] Freeing unused kernel memory: 100K
Loading, please wait...
starting version[    5.308130] random: udevadm: uninitialized urandom read (16 bytes read, 2 bits of entropy available)
 229
[    5.336831] random: systemd-udevd: uninitialized urandom read (16 bytes read, 2 bits of entropy available)
[    5.338611] random: systemd-udevd: uninitialized urandom read (16 bytes read, 2 bits of entropy available)
[    5.340325] random: systemd-udevd: uninitialized urandom read (16 bytes read, 2 bits of entropy available)
[    5.342088] random: systemd-udevd: uninitialized urandom read (16 bytes read, 2 bits of entropy available)
[    5.344638] random: udevadm: uninitialized urandom read (16 bytes read, 2 bits of entropy available)
[    5.353183] random: systemd-udevd: uninitialized urandom read (16 bytes read, 2 bits of entropy available)
[    5.649750] clocksource: tsc: mask: 0xffffffffffffffff max_cycles: 0x2373979bc6c, max_idle_ns: 440795270152 ns
[    5.795852] random: udevadm: uninitialized urandom read (16 bytes read, 2 bits of entropy available)
[    5.995390] random: udevadm: uninitialized urandom read (16 bytes read, 2 bits of entropy available)
[    6.000166] random: udevadm: uninitialized urandom read (16 bytes read, 2 bits of entropy available)
[    6.076652] e1000: Intel(R) PRO/1000 Network Driver - version 7.3.21-k8-NAPI
[    6.092815] e1000: Copyright (c) 1999-2006 Intel Corporation.
[    6.099733] Fusion MPT base driver 3.04.20
[    6.109508] Copyright (c) 1999-2008 LSI Corporation
[    6.163893] AVX version of gcm_enc/dec engaged.
[    6.186232] AES CTR mode by8 optimization enabled
[    6.192484] Fusion MPT SPI Host driver 3.04.20
[    6.326027] input: ImExPS/2 Generic Explorer Mouse as /devices/platform/i8042/serio1/input/input4
[    6.574535] e1000 0000:00:03.0 eth0: (PCI:33MHz:32-bit) 02:24:97:69:54:5f
[    6.689722] e1000 0000:00:03.0 eth0: Intel(R) PRO/1000 Network Connection
[    6.691842] mptbase: ioc0: Initiating bringup
[    6.753590] ioc0: LSI53C1030 A0: Capabilities={Initiator}
[    6.927718] scsi host2: ioc0: LSI53C1030 A0, FwRev=00000000h, Ports=1, MaxQ=256, IRQ=20
[    7.144074] scsi 2:0:0:0: Direct-Access     VBOX     HARDDISK         1.0  PQ: 0 ANSI: 5
[    7.242377] scsi target2:0:0: Beginning Domain Validation
[    7.244603] scsi target2:0:0: Domain Validation skipping write tests
[    7.246062] scsi target2:0:0: Ending Domain Validation
[    7.247363] scsi target2:0:0: asynchronous
[    7.404396] scsi 2:0:1:0: Direct-Access     VBOX     HARDDISK         1.0  PQ: 0 ANSI: 5
[    7.543446] scsi target2:0:1: Beginning Domain Validation
[    7.801454] scsi target2:0:1: Domain Validation skipping write tests
[    7.850740] scsi target2:0:1: Ending Domain Validation
[    7.891180] scsi target2:0:1: asynchronous
[    7.916374] sd 2:0:0:0: Attached scsi generic sg0 type 0
[    7.961840] sd 2:0:0:0: [sda] 20971520 512-byte logical blocks: (10.7 GB/10.0 GiB)
[    8.077021] e1000 0000:00:08.0 eth1: (PCI:33MHz:32-bit) 08:00:27:63:0d:ac
[    8.087149] e1000 0000:00:08.0 eth1: Intel(R) PRO/1000 Network Connection
[    8.089424] e1000 0000:00:08.0 enp0s8: renamed from eth1
[    8.175351] sd 2:0:1:0: [sdb] 20480 512-byte logical blocks: (10.5 MB/10.0 MiB)
[    8.179474] sd 2:0:1:0: Attached scsi generic sg1 type 0
[    8.180944] sd 2:0:1:0: [sdb] Write Protect is off
[    8.182059] sd 2:0:0:0: [sda] Write Protect is off
[    8.183305] sd 2:0:0:0: [sda] Incomplete mode parameter data
[    8.184611] sd 2:0:0:0: [sda] Assuming drive cache: write through
[    8.185946] sd 2:0:1:0: [sdb] Incomplete mode parameter data
[    8.187147] sd 2:0:1:0: [sdb] Assuming drive cache: write through
[    8.189896] e1000 0000:00:03.0 enp0s3: renamed from eth0
[    8.198425]  sda: sda1
[    8.204019] sd 2:0:1:0: [sdb] Attached SCSI disk
[    8.218263] sd 2:0:0:0: [sda] Attached SCSI disk
Begin: Loading e[    9.581498] md: linear personality registered for level -1
ssential drivers ... [    9.650197] md: multipath personality registered for level -4
[    9.669804] md: raid0 personality registered for level 0
[    9.690843] md: raid1 personality registered for level 1
[    9.783941] raid6: sse2x1   gen()  8633 MB/s
[    9.888149] raid6: sse2x1   xor()  6939 MB/s
[    9.969270] raid6: sse2x2   gen() 10981 MB/s
[   10.060527] raid6: sse2x2   xor()  8002 MB/s
[   10.151834] raid6: sse2x4   gen() 10444 MB/s
[   10.253218] raid6: sse2x4   xor()  9615 MB/s
[   10.264350] raid6: using algorithm sse2x2 gen() 10981 MB/s
[   10.273916] raid6: .... xor() 8002 MB/s, rmw enabled
[   10.477056] raid6: using ssse3x2 recovery algorithm
[   10.480594] xor: automatically using best checksumming function:
[   10.902289]    avx       : 40452.000 MB/sec
[   10.997091] async_tx: api initialized (async)
[   11.121873] md: raid6 personality registered for level 6
[   11.146852] md: raid5 personality registered for level 5
[   11.148043] md: raid4 personality registered for level 4
[   11.155656] md: raid10 personality registered for level 10
done.
Begin: Running /scripts/init-premount ... done.
Begin: Mounting root file system ... Begin: Running /scripts/local-top ... done.
Begin: Running /scripts/local-premount ... [   11.213686] Btrfs loaded
Scanning for Btrfs filesystems
done.
Warning: fsck not present, so sk[   11.322238] EXT4-fs (sda1): mounted filesystem with ordered data mode. Opts: (null)
ipping root file system
done.
Begin: Running /scripts/local-bottom ... done.
Begin: Running /scripts/init-bottom ... done.
[   11.452401] systemd[1]: systemd 229 running in system mode. (+PAM +AUDIT +SELINUX +IMA +APPARMOR +SMACK +SYSVINIT +UTMP +LIBCRYPTSETUP +GCRYPT +GNUTLS +ACL +XZ -LZ4 +SECCOMP +BLKID +ELFUTILS +KMOD -IDN)
[   11.474297] systemd[1]: Detected virtualization oracle.
[   11.479904] systemd[1]: Detected architecture x86-64.

Welcome to [1mUbuntu 16.04.4 LTS[0m!

[   11.498252] systemd[1]: Set hostname to <ubuntu>.
[   11.502685] systemd[1]: Initializing machine ID from random generator.
[   11.509724] systemd[1]: Installed transient /etc/machine-id file.
[   11.657816] systemd[1]: Listening on Device-mapper event daemon FIFOs.
[[0;32m  OK  [0m] Listening on Device-mapper event daemon FIFOs.
[   11.676077] systemd[1]: Reached target Encrypted Volumes.
[[0;32m  OK  [0m] Reached target Encrypted Volumes.
[   11.685083] systemd[1]: Reached target Swap.
[[0;32m  OK  [0m] Reached target Swap.
[   11.687327] systemd[1]: Listening on LVM2 poll daemon socket.
[[0;32m  OK  [0m] Listening on LVM2 poll daemon socket.
[   11.690344] systemd[1]: Created slice User and Session Slice.
[[0;32m  OK  [0m] Created slice User and Session Slice.
[   11.693242] systemd[1]: Listening on Journal Audit Socket.
[[0;32m  OK  [0m] Listening on Journal Audit Socket.
[   11.695940] systemd[1]: Listening on /dev/initctl Compatibility Named Pipe.
[[0;32m  OK  [0m] Listening on /dev/initctl Compatibility Named Pipe.
[   11.699440] systemd[1]: Created slice System Slice.
[[0;32m  OK  [0m] Created slice System Slice.
[   11.701942] systemd[1]: Started Trigger resolvconf update for networkd DNS.
[[0;32m  OK  [0m] Started Trigger resolvconf update for networkd DNS.
[   11.705127] systemd[1]: Reached target User and Group Name Lookups.
[[0;32m  OK  [0m] Reached target User and Group Name Lookups.
[   11.708055] systemd[1]: Started Forward Password Requests to Wall Directory Watch.
[[0;32m  OK  [0m] Started Forward Password Requests to Wall Directory Watch.
[   11.711641] systemd[1]: Set up automount Arbitrary Executable File Formats File System Automount Point.
[[0;32m  OK  [0m] Set up automount Arbitrary Executab...ats File System Automount Point.
[   11.726843] systemd[1]: Listening on udev Kernel Socket.
[[0;32m  OK  [0m] Listening on udev Kernel Socket.
[   11.729032] systemd[1]: Listening on Journal Socket (/dev/log).
[[0;32m  OK  [0m] Listening on Journal Socket (/dev/log).
[   11.731414] systemd[1]: Listening on udev Control Socket.
[[0;32m  OK  [0m] Listening on udev Control Socket.
[   11.733588] systemd[1]: Reached target Slices.
[[0;32m  OK  [0m] Reached target Slices.
[   11.745365] systemd[1]: Listening on LVM2 metadata daemon socket.
[[0;32m  OK  [0m] Listening on LVM2 metadata daemon socket.
[   11.748478] systemd[1]: Created slice system-serial\x2dgetty.slice.
[[0;32m  OK  [0m] Created slice system-serial\x2dgetty.slice.
[   12.081120] systemd[1]: Reached target System Time Synchronized.
[[0;32m  OK  [0m] Reached target System Time Synchronized.
[   12.083981] systemd[1]: Listening on Syslog Socket.
[[0;32m  OK  [0m] Listening on Syslog Socket.
[   12.086470] systemd[1]: Listening on Journal Socket.
[[0;32m  OK  [0m] Listening on Journal Socket.
[   12.091767] systemd[1]: Mounting Huge Pages File System...
         Mounting Huge Pages File System...
[   12.135598] systemd[1]: Statting Set console keymap...
         Starting Set console keymap...
[   12.216257] systemd[1]: Mounting Debug File System...
         Mounting Debug File System...
[   12.220455] systemd[1]: Starting Remount Root and Kernel File Systems...
         Starting Remount Root and Kernel File Systems...
[   12.270405] systemd[1]: Mounting POSIX Message Queue File System...
[   12.275919] EXT4-fs (sda1): re-mounted. Opts: (null)
         Mounting POSIX Message Queue File System...
[   12.285504] systemd[1]: Starting Monitoring of LVM2 mirrors, snapshots etc. using dmeventd or progress polling...
         Starting Monitoring of LVM2 mirrors... dmeventd or progress polling...
[   12.314907] systemd[1]: Starting Load Kernel Modules...
         Starting Load Kernel Modules...
[   12.358704] systemd[1]: Starting Uncomplicated firewall...
         [   12.374519] Loading iSCSI transport class v2.0-870.
Starting Uncomplicated firewall...
[   12.385143] systemd[1]: Starting Journal Service...
         [   12.458449] iscsi: registered transport (tcp)
Starting Journal Service...
[   12.502125] systemd[1]: Starting Nameserver information manager...
         Starting Nameser[   12.546869] iscsi: registered transport (iser)
ver information manager...
[   12.601115] systemd[1]: Starting Create list of required static device nodes for the current kernel...
[   12.608679] random: nonblocking pool is initialized
         Starting Create list of required st... nodes for the current kernel...
[   12.675489] systemd[1]: Mounted POSIX Message Queue File System.
[[0;32m  OK  [0m] Mounted POSIX Message Queue File System.
[   12.681091] systemd[1]: Mounted Huge Pages File System.
[[0;32m  OK  [0m] Mounted Huge Pages File System.
[   12.684460] systemd[1]: Mounted Debug File System.
[[0;32m  OK  [0m] Mounted Debug File System.
[   12.687057] systemd[1]: Started Journal Service.
[[0;32m  OK  [0m] Started Journal Service.
[[0;32m  OK  [0m] Started Set console keymap.
[[0;32m  OK  [0m] Started Remount Root and Kernel File Systems.
[[0;32m  OK  [0m] Started Load Kernel Modules.
[[0;32m  OK  [0m] Started Uncomplicated firewall.
[[0;32m  OK  [0m] Started Create list of required sta...ce nodes for the current kernel.
[[0;32m  OK  [0m] Started Nameserver information manager.
[[0;32m  OK  [0m] Started LVM2 metadata daemon.
         Starting Create Static Device Nodes in /dev...
         Starting Apply Kernel Variables...
         Mounting FUSE Control File System...
         Starting Load/Save Random Seed...
         Starting udev Coldplug all Devices...
         Starting Initial cloud-init job (pre-networking)...
         Starting Flush Journal to Persistent Storage...
[[0;32m  OK  [0m] Mounted FUSE Control File System.
[[0;32m  OK  [0m] Started Create Static Device Nodes in /dev.
[[0;32m  OK  [0m] Started Apply Kernel Variables.
[[0;32m  OK  [0m] Started Load/Save Random Seed.
         Starting udev Kernel Device Manager...
[[0;32m  OK  [0m] Started Flush Journal to Persistent Storage.
[[0;32m  OK  [0m] Started udev Kernel Device Manager.
[[0;32m  OK  [0m] Started udev Coldplug all Devices.
[[0;32m  OK  [0m] Started Dispatch Password Requests to Console Directory Watch.
[[0;32m  OK  [0m] Started Monitoring of LVM2 mirrors,...ng dmeventd or progress polling.
[[0;32m  OK  [0m] Reached target Local File Systems (Pre).
[[0;32m  OK  [0m] Reached target Local File Systems.
         Starting LSB: AppArmor initialization...
         Starting Tell Plymouth To Write Out Runtime Data...
         Starting Set console font and keymap...
         Starting Create Volatile Files and Directories...
         Starting Commit a transient machine-id on disk...
[[0;32m  OK  [0m] Started Commit a transient machine-id on disk.
[[0;32m  OK  [0m] Started Tell Plymouth To Write Out Runtime Data.
[[0;32m  OK  [0m] Started Create Volatile Files and Directories.
         Starting Update UTMP about System Boot/Shutdown...
[[0;32m  OK  [0m] Found device /dev/ttyS0.
[[0;32m  OK  [0m] Started Update UTMP about System Boot/Shutdown.
[[0;32m  OK  [0m] Started Set console font and keymap.
[[0;32m  OK  [0m] Created slice system-getty.slice.
[[0;32m  OK  [0m] Listening on Load/Save RF Kill Switch Status /dev/rfkill Watch.
[   12.979388] cloud-init[448]: Cloud-init v. 18.2 running 'init-local' at Thu, 03 May 2018 18:54:21 +0000. Up 12.25 seconds.
[[0;32m  OK  [0m] Started Initial cloud-init job (pre-networking).
[[0;32m  OK  [0m] Reached target Network (Pre).
[[0;32m  OK  [0m] Started LSB: AppArmor initialization.
         Starting Raise network interfaces...
[[0;32m  OK  [0m] Started Raise network interfaces.
[[0;32m  OK  [0m] Reached target Network.
         Starting Initial cloud-init job (metadata service crawler)...
[   15.878144] cloud-init[937]: Cloud-init v. 18.2 running 'init' at Thu, 03 May 2018 18:54:24 +0000. Up 15.00 seconds.
[   15.886069] cloud-init[937]: ci-info: ++++++++++++++++++++++++++++++++++++++Net device info++++++++++++++++++++++++++++++++++++++
[   15.959698] cloud-init[937]: ci-info: +--------+-------+----------------------------+---------------+-------+-------------------+
[[0;32m  OK  [0m] Started Initial cloud-init job (metadata service crawler).
[   15.966794] cloud-init[937]: ci-info: | Device |   Up  |          Address           |      Mask     | Scope |     Hw-Address    |
[   15.976453] cloud-init[937]: ci-info: +--------+-------+----------------------------+---------------+-------+-------------------+
[   16.008377] cloud-init[937]: ci-info: | enp0s3 |  True |         10.0.2.15          | 255.255.255.0 |   .   | 02:24:97:69:54:5f |
[   16.011638] cloud-init[[0;32m  OK  [0m] Reached target Network is Online.
         Starting iSCSI initiator daemon (iscsid)...
[[0;32m  OK  [0m] Reached target Cloud-config availability.
[[0;32m  OK  [0m] Reached target System Initialization.
[[0;32m  OK  [0m] Started ACPI Events Check.
[[0;32m  OK  [0m] Reached target Paths.
[[0;32m  OK  [0m] Started Daily apt download activities.
[937]: ci-info: | enp0s3 |  True | fe80::24:97ff:fe69:545f/64 |       .       |  link | 02:24:97:69:54:5f |
[   16.020087] cloud-init[937]: ci-info: | enp0s8 | False |             .              |       .       |   .   | 08:00:27:63:0d:ac |
[   16.037445] cloud-init[937]: ci-info: |   lo   |  True |         127.0.0.1          |   255.0.0.0   |   .   |         .         |
         Starting Socket activation for snappy daemon.
[[0;32m  OK  [0m] Listening on D-Bus System Message Bus Socket.
[[0;32m  OK  [0m] Listening on ACPID Listen Socket.[   16.044521] cloud-init[937]: ci-info: |   lo   |  True |          ::1/128           |       .       |  host |         .         |
[   16.046608] cloud-init[937]: ci-info: +--------+-------+----------------------------+---------------+-------+-------------------+
[   16.047697] cloud-init[937]: ci-info: +++++++++++++++++++++++++++Route IPv4 info++++++++++++++++++++++++++++
[   16.047775] cloud-init[937]: ci-info: +-------+-------------+----------+---------------+-----------+-------+
[   16.047842] cloud-init[937]: ci-info: | Route | Destination | Gateway  |    Genmask    | Interface | Flags |
[   16.047909] cloud-init[937]: ci-info: +-------+-------------+----------+---------------+-----------+-------+
[   16.047978] cloud-init[937]: ci-info: |   0   |   0.0.0.0   | 10.0.2.2 |    0.0.0.0    |   enp0s3  |   UG  |
[   16.048046] cloud-init[937]: ci-info: |   1   |   10.0.2.0  | 0.0.0.0  | 255.255.255.0 |   enp0s3  |   U   |
[   16.048112] cloud-init[937]: ci-info: +-------+-------------+----------+---------------+-----------+-------+
[   16.048197] cloud-init[937]: Generating public/private rsa key pair.
[   16.048269] cloud-init[937]: Your identification has been saved in /etc/ssh/ssh_host_rsa_key.

         Starting LXD - unix socket.
[[0;32m  OK  [0m] Listening on UUID daemon activation socket.
[[0;32m  OK  [0m] Started Daily Cleanup of Temporary Directories.
[   16.064988] cloud-init[937]: Your public key has been saved in /etc/ssh/ssh_host_rsa_key.pub.
[   16.073100] cloud-init[937]: The key fingerprint is:
[   16.075429] cloud-init[937]: SHA256:HpLLtFCgYkS/6QuEBtUlx5EQaJIbGSV9S9TzGUwdmiI root@ubuntu-xenial
[[0;32m  OK  [0m] Started Daily apt upgrade and clean activities.
[   16.079085] cloud-init[937]: The key's randomart image is:[[0;32m  OK  [0m] Reached target Timers.

[[0;32m  OK  [0m] [   16.092255] cloud-init[937]: +---[RSA 2048]----+
[   16.093321] cloud-init[937]: |+Oo+**+=....     |
[   16.094458] cloud-init[937]: |*o=.++= oo.      |
[   16.095549] cloud-init[937]: |o*.+E.oooo       |Listening on Socket activation for snappy daemon.
[[0;32m  OK  [0m] Listening on LXD - unix socket.
[[0;32m  OK  [0m] Started iSCSI initiator daemon (iscsid).

[   16.109619] cloud-init[937]: |=.  +o oo        |
[   16.113631] cloud-init[937]: |.o o. + S        |
         Starting Login to default iSCSI targets...
[   16.118594] cloud-init[937]: |o .  + = .       |
[   16.120807] cloud-init[937]: | . .  + .        |
[[0;32m  OK  [0m] Reached target Sockets.
[   16.123563] cloud-init[937]: |  . .            |
[[0;32m  OK  [0m] Reached target Basic System.
[   16.126644] cloud-init[937]: |   .             |
[   16.157012] cloud-init[937]: +----[SHA256]-----+
         Starting /etc/rc.local Compatibility...
[   16.172457] cloud-init[937]: Generating public/private dsa key pair.         Starting Accounts Service...
         Starting LSB: MD monitoring daemon...
         Starting LXD - container startup/shutdown...

[   16.186369] cloud-init[937]: Your identification has been saved in /etc/ssh/ssh_host_dsa_key.
         Starting Login Service...
[[0;32m  OK  [0m] Started FUSE filesystem for LXC.
[   16.229575] cloud-init[937]: Your public key has been saved in /etc/ssh/ssh_host_dsa_key.pub.
[   16.237934] cloud-init[937]: The key fingerprint is:
[[0;32m  OK  [0m] Started Unattended Upgrades Shutdown.
         Starting Virtualbox guest utils...
[[0;32m  OK  [0m] Started ACPI event daemon.
[   16.247891] cloud-init[937]: SHA256:sCT46ntGWTHqoy5hLu1O45E9web2UHrZtTeOCjdJ4RA root@ubuntu-xenial
         Starting Apply the settings specified in cloud-config...
[[0;32m  OK  [0m] Started Regular background program processing daemon.
         Starting LSB: Record successful boot for GRUB...
         Starting Snappy daemon...
[[0;32m  OK  [0m] [   16.278118] Started D-Bus System Message Bus.
cloud-init[937]: The key's randomart image is:
[   16.307274] cloud-init[937]: +---[DSA 1024]----+
[   16.319171] cloud-init[937]: |      E          |
[   16.322607] cloud-init[937]: |   .  o.         |
[   16.326138] cloud-init[937]: |  . ..+o.        |
[   16.330874] cloud-init[937]: |   o.o.= .       |
[   16.335534] cloud-init[937]: |   .=oo S .      |
[   16.341486] cloud-init[937]: |.. *=+ + o .     |
[   16.346452] cloud-init[937]: |oo*oB.+ = . o    |
[   16.349683] cloud-init[937]: |o=o+o= o . + .   |
[   16.357204] cloud-init[937]: |.=B+  . ... .    |
         Starting System Logging Service...
[[0;32m  OK  [0m] Started Deferred execution scheduler.
         Starting Pollinate to seed the pseudo random number generator...
[[0;32m  OK  [0m] Started /etc/rc.local Compatibility.
[   16.368941] cloud-init[937]: +----[SHA256]-----+
[   16.391707] cloud-init[937]: Generating public/private ecdsa key pair.
[   16.398349] cloud-init[937]: Your identification has been saved in /etc/ssh/ssh_host_ecdsa_key.
[   16.404925] cloud-init[937]: Your public key has been saved in /etc/ssh/ssh_host_ecdsa_key.pub.
[   16.424072] cloud-init[937]: The key fingerprint is:
[[0;32m  OK  [0m] Started Login to default iSCSI targets.
[   16.452068] cloud-init[937]: SHA256:a3ilJUe5w/lN66MkayvQJe3BcX9Bl/cbzhPi6j10FnI root@ubuntu-xenial
[[0;32m  OK  [0m] Started System Logging Service.
[   16.470542] cloud-init[937]: The key's randomart image is:
[   16.498384] cloud-init[937]: +---[ECDSA 256]---+
[   16.519332] [[0;32m  OK  [0m] Started LXD - container startup/shutdown.
cloud-init[937]: |              ..o|
[   16.549433] cloud-init[937]: |          ...  oo|
[[0;32m  OK  [0m] Started LSB: MD monitoring daemon.[   16.568651] 
cloud-init[[0;32m  OK  [0m] Started LSB: Record successful boot for GRUB.
[937]: |         ooo .  +|
[   16.585409] cloud-init[937]: |        .o=o o.Eo|
[   16.589016] cloud-init[937]: |       .S+O.. B.=|
[   16.596419] cloud-init[937]: |      ...B.o = O |
[[0;32m  OK  [0m] Started Login Service.
         Starting Authenticate and Authorize Users to Run Privileged Tasks...
[[0;32m  OK  [0m] Reached target Remote File Systems (Pre).
[[0;32m  OK  [0m] Reached target Remote File Systems.
[   16.635264] cloud-init[937]: |      ..= . = = .|
         Starting LSB: automatic crash report generation...
         Starting LSB: Set the CPU Frequency Scaling governor to "ondemand"...
         Starting LSB: daemon to balance interrupts for SMP systems...
         Starting Permit User Sessions...
[[0;32m  OK  [0m] Started Snappy daemon.
[[0;32m  OK  [0m] Started Authenticate and Authorize Users to Run Privileged Tasks.
[   16.692262] cloud-init[937]: |       o. .=.o.  |
[[0;32m  OK  [0m] Started Permit User Sessions.[   16.764496] cloud-init[937]: |         o+o.oo. |
[   16.764798] cloud-init[937]: +----[SHA256]-----+
[   16.764847] cloud-init[937]: Generating public/private ed25519 key pair.
[   16.764895] cloud-init[937]: Your identification has been saved in /etc/ssh/ssh_host_ed25519_key.
[   16.764944] cloud-init[937]: Your public key has been saved in /etc/ssh/ssh_host_ed25519_key.pub.
[   16.764990] cloud-init[937]: The key fingerprint is:
[   16.765036] cloud-init[937]: SHA256:O91ODqaoCeJgbEo2q+NPIBCZ6s1PTNFO/NWBE92Q6x8 root@ubuntu-xenial
[   16.765092] cloud-init[937]: The key's randomart image is:
[   16.765140] cloud-init[937]: +--[ED25519 256]--+
[   16.765187] cloud-init[937]: |.o    o    .=o=  |
[   16.765234] cloud-init[937]: |o.   . +   + + . |
[   16.765280] cloud-init[937]: |o     + . . . .  |
[   16.765326] cloud-init[937]: |o    . . .   .   |
[   16.765372] cloud-init[937]: |o.o o   S   .    |
[   16.765421] cloud-init[937]: |o..o o   o . . E |
[   16.765467] cloud-init[937]: |oB..o   o + o . .|
[   16.765514] cloud-init[937]: |X.+. o . + =   . |
[   16.765915] cloud-init[937]: |==..o.. .   o    |
[   16.765967] cloud-init[937]: +----[SHA256]-----+

[[0;32m  OK  [0m] Started Accounts Service.
         Starting Hold until boot process finishes up...
         Starting Terminate Plymouth Boot Screen...
[[0;32m  OK  [0m] Started Virtualbox guest utils.
[[0;32m  OK  [0m] Started Hold until boot process finishes up.
[[0;32m  OK  [0m] Started Terminate Plymouth Boot Screen.
[[0;32m  OK  [0m] Started LSB: Set the CPU Frequency Scaling governor to "ondemand".
[[0;32m  OK  [0m] Started Getty on tty1.
         Starting Set console scheme...
[[0;32m  OK  [0m] Started Serial Getty on ttyS0.
[[0;32m  OK  [0m] Reached target Login Prompts.
[[0;32m  OK  [0m] Started LSB: automatic crash report generation.
[[0;32m  OK  [0m] Started Set console scheme.
[[0;32m  OK  [0m] Started LSB: daemon to balance interrupts for SMP systems.
[   17.575508] cloud-init[1071]: Generating locales (this might take a while)...
[   18.669363] cloud-init[1071]:   en_US.UTF-8... done
[   18.692942] cloud-init[1071]: Generation complete.
[[0;32m  OK  [0m] Started Pollinate to seed the pseudo random number generator.
         Starting OpenBSD Secure Shell server...
[[0;32m  OK  [0m] Started OpenBSD Secure Shell server.
[[0;32m  OK  [0m] Reached target Multi-User System.
[[0;32m  OK  [0m] Reached target Graphical Interface.
         Starting Update UTMP about System Runlevel Changes...
[[0;32m  OK  [0m] Started Update UTMP about System Runlevel Changes.
[[0;32m  OK  [0m] Created slice User Slice of vagrant.
         Starting User Manager for UID 1000...
[[0;32m  OK  [0m] Started User Manager for UID 1000.
[[0;32m  OK  [0m] Started Session 1 of user vagrant.
[   19.210577] cloud-init[1071]: Cloud-init v. 18.2 running 'modules:config' at Thu, 03 May 2018 18:54:26 +0000. Up 17.33 seconds.
[[0;32m  OK  [0m] Started Apply the settings specified in cloud-config.
         Starting Execute cloud user/final scripts...
ci-info: no authorized ssh keys fingerprints found for user ubuntu.
<14>May  3 18:54:29 ec2: 
<14>May  3 18:54:29 ec2: #############################################################
<14>May  3 18:54:29 ec2: -----BEGIN SSH HOST KEY FINGERPRINTS-----
<14>May  3 18:54:29 ec2: 1024 SHA256:sCT46ntGWTHqoy5hLu1O45E9web2UHrZtTeOCjdJ4RA root@ubuntu-xenial (DSA)
<14>May  3 18:54:29 ec2: 256 SHA256:a3ilJUe5w/lN66MkayvQJe3BcX9Bl/cbzhPi6j10FnI root@ubuntu-xenial (ECDSA)
<14>May  3 18:54:29 ec2: 256 SHA256:O91ODqaoCeJgbEo2q+NPIBCZ6s1PTNFO/NWBE92Q6x8 root@ubuntu-xenial (ED25519)
<14>May  3 18:54:29 ec2: 2048 SHA256:HpLLtFCgYkS/6QuEBtUlx5EQaJIbGSV9S9TzGUwdmiI root@ubuntu-xenial (RSA)
<14>May  3 18:54:29 ec2: -----END SSH HOST KEY FINGERPRINTS-----
<14>May  3 18:54:29 ec2: #############################################################
-----BEGIN SSH HOST KEY KEYS-----
ecdsa-sha2-nistp256 AAAAE2VjZHNhLXNoYTItbmlzdHAyNTYAAAAIbmlzdHAyNTYAAABBBLflx2d9T3QrwR/7661MlNPjKLRAZ87FjtwjzckqvSU8C3msAQlUd2/YX5JKmb1mdm/uF2CGT6Vn/iZ3NiNQkgk= root@ubuntu-xenial
ssh-ed25519 AAAAC3NzaC1lZDI1NTE5AAAAIM+YqHdb8s7Jq9X8Xgo2ykC83JaF2TkIQNbtelhaYKTx root@ubuntu-xenial
ssh-rsa AAAAB3NzaC1yc2EAAAADAQABAAABAQCubFZ2p2EnZG3/pRHV8PR/I85qtZlbLWY8l8qHHrV4PzxqMguf9orTSVECQNtmw8QTR7LjfPyPzNg4OqoqEAcoofsm7ylOiJ5f2FPEvVii0brRZngbI4ptmjVNvWjrTVPNA2hA599XHNvnhJe+gKbspLeYKf2gNcgK0dFA84t9G+/xgNx1Q9LMnkojPgEHcndOjXOuyCq7WfZ4Wy/W3jJTLqpIN/7gPdBedWOe4JhiqHvFEaPvT7io6Z7KqAxi+2U3tbmxbqU52CnAK8moI47ENmNKSWLWdqQWC/nj8yp/PkqhUJiJG0EyLuWWAVL1rxZEmlUVOEFiLiqPVVJuj3ZT root@ubuntu-xenial
-----END SSH HOST KEY KEYS-----
[   20.887956] cloud-init[1339]: Cloud-init v. 18.2 running 'modules:final' at Thu, 03 May 2018 18:54:29 +0000. Up 20.02 seconds.
[   20.898846] cloud-init[1339]: ci-info: no authorized ssh keys fingerprints found for user ubuntu.
[   20.908699] cloud-init[1339]: Cloud-init v. 18.2 finished at Thu, 03 May 2018 18:54:30 +0000. Datasource DataSourceNoCloud [seed=/dev/sdb][dsmode=net].  Up 20.87 seconds
[[0;32m  OK  [0m] Started Execute cloud user/final scripts.
[[0;32m  OK  [0m] Reached target Cloud-init target.

Ubuntu 16.04.4 LTS ubuntu-xenial ttyS0

ubuntu-xenial login: [[0;32m  OK  [0m] Stopped target Timers.
[          Stopping FUSE filesystem for LXC...
[[0;32m  OK  [0m] Closed Load/Save RF Kill Switch Status /dev/rfkill Watch.
[[0;32m  OK  [0m] Unmounted /var/lib/lxcfs.
[[0;32m  OK  [0m] Stopped Accounts Service.
[[0;32m  OK  [0m] Stopped ACPI event daemon.
[[0;32m  OK  [0m] Stopped Regular background program processing daemon.
[[0;32m  OK  [0m] Stopped Snappy daemon.
[[0;32m  OK  [0m] Stopped System Logging Service.
[[0;32m  OK  [0m] Stopped Deferred execution scheduler.
[[0;32m  OK  [0m] Stopped Authenticate and Authorize Users to Run Privileged Tasks.
[[0;32m  OK  [0m] Stopped Getty on tty1.
[[0;32m  OK  [0m] Stopped Serial Getty on ttyS0.
[[0;32m  OK  [0m] Stopped OpenBSD Secure Shell server.
[[0;32m  OK  [0m] Stopped User Manager for UID 1000.
[[0;32m  OK  [0m] Stopped Hostname Service.
[[0;32m  OK  [0m] Stopped D-Bus System Message Bus.
[[0;32m  OK  [0m] Stopped Unattended Upgrades Shutdown.
[[0;32m  OK  [0m] Stopped Session 2 of user vagrant.
[[0;32m  OK  [0m] Stopped FUSE filesystem for LXC.
[[0;32m  OK  [0m] Stopped LXD - container startup/shutdown.
[[0;32m  OK  [0m] Stopped LSB: Set the CPU Frequency Scaling governor to "ondemand".
[[0;32m  OK  [0m] Stopped Virtualbox guest utils.
[[0;32m  OK  [0m] Stopped LSB: automatic crash report generation.
[[0;32m  OK  [0m] Stopped LSB: Record successful boot for GRUB.
[[0;32m  OK  [0m] Stopped LSB: MD monitoring daemon.
[[0;32m  OK  [0m] Stopped LSB: daemon to balance interrupts for SMP systems.
[[0;32m  OK  [0m] Removed slice User Slice of vagrant.
         Stopping Login Service...
[[0;32m  OK  [0m] Removed slice system-serial\x2dgetty.slice.
[[0;32m  OK  [0m] Stopped /etc/rc.local Compatibility.
         Stopping Permit User Sessions...
[[0;32m  OK  [0m] Removed slice system-getty.slice.
[[0;32m  OK  [0m] Stopped Login Service.
[[0;32m  OK  [0m] Stopped Permit User Sessions.
[[0;32m  OK  [0m] Stopped target Remote File Systems.
[[0;32m  OK  [0m] Stopped target Remote File Systems (Pre).
         Stopping Login to default iSCSI targets...
[[0;32m  OK  [0m] Stopped target User and Group Name Lookups.
[[0;32m  OK  [0m] Stopped target Basic System.
[[0;32m  OK  [0m] Stopped target Paths.
[[0;32m  OK  [0m] Stopped ACPI Events Check.
[[0;32m  OK  [0m] Stopped Forward Password Requests to Wall Directory Watch.
[[0;32m  OK  [0m] Stopped Dispatch Password Requests to Console Directory Watch.
[[0;32m  OK  [0m] Stopped target Sockets.
[[0;32m  OK  [0m] Closed Syslog Socket.
[[0;32m  OK  [0m] Closed LXD - unix socket.
[[0;32m  OK  [0m] Closed Socket activation for snappy daemon.
[[0;32m  OK  [0m] Closed UUID daemon activation socket.
[[0;32m  OK  [0m] Closed ACPID Listen Socket.
[[0;32m  OK  [0m] Closed D-Bus System Message Bus Socket.
[[0;32m  OK  [0m] Stopped target System Initialization.
[[0;32m  OK  [0m] Stopped target Swap.
[[0;32m  OK  [0m] Stopped target Encrypted Volumes.
[[0;32m  OK  [0m] Stopped Create Volatile Files and Directories.
[[0;32m  OK  [0m] Stopped Commit a transient machine-id on disk.
         Stopping Load/Save Random Seed...
[[0;32m  OK  [0m] Stopped target Slices.
[[0;32m  OK  [0m] Removed slice User and Session Slice.
[[0;32m  OK  [0m] Stopped Load/Save Random Seed.
[[0;32m  OK  [0m] Stopped Login to default iSCSI targets.
         Stopping iSCSI initiator daemon (iscsid)...
[[0;32m  OK  [0m] Stopped iSCSI initiator daemon (iscsid).
[[0;32m  OK  [0m] Stopped target Network is Online.
[[0;32m  OK  [0m] Stopped target Network.
[[0;32m  OK  [0m] Stopped Initial cloud-init job (metadata service crawler).
         Stopping Raise network interfaces...
[[0;32m  OK  [0m] Stopped Raise network interfaces.
[[0;32m  OK  [0m] Stopped target Network (Pre).
[[0;32m  OK  [0m] Stopped Initial cloud-init job (pre-networking).
[[0;32m  OK  [0m] Stopped target Local File Systems.
         Unmounting /run/user/1000...
[[0;32m  OK  [0m] Stopped Apply Kernel Variables.
[[0;32m  OK  [0m] Stopped Load Kernel Modules.
[[0;32m  OK  [0m] Unmounted /run/user/1000.
[[0;32m  OK  [0m] Reached target Unmount All Filesystems.
[[0;32m  OK  [0m] Stopped target Local File Systems (Pre).
[[0;32m  OK  [0m] Stopped Create Static Device Nodes in /dev.
         Stopping Monitoring of LVM2 mirrors... dmeventd or progress polling...
[[0;32m  OK  [0m] Stopped Remount Root and Kernel File Systems.
[[0;32m  OK  [0m] Reached target Shutdown.
[   31.328240] reboot: Power down
